# JRE version: OpenJDK Runtime Environment Corretto-11.0.13.8.1 (11.0.13+8) (build 11.0.13+8-LTS)
# Java VM: OpenJDK 64-Bit Server VM Corretto-11.0.13.8.1 (11.0.13+8-LTS, mixed mode, tiered, compressed oops, g1 gc, windows-amd64)
Heap:
 garbage-first heap   total 199680K, used 20564K [0x0000000081200000, 0x0000000100000000)
  region size 1024K, 11 young (11264K), 11 survivors (11264K)
 Metaspace       used 51278K, capacity 52666K, committed 52816K, reserved 1095680K
  class space    used 6589K, capacity 7155K, committed 7168K, reserved 1048576K
GC Heap History (17 events):
Event: 1.253 GC heap before
{Heap before GC invocations=0 (full 0):
 garbage-first heap   total 131072K, used 14336K [0x0000000081200000, 0x0000000100000000)
  region size 1024K, 14 young (14336K), 0 survivors (0K)
 Metaspace       used 12048K, capacity 12298K, committed 12416K, reserved 1060864K
  class space    used 1226K, capacity 1334K, committed 1408K, reserved 1048576K
}
Event: 1.262 GC heap after
{Heap after GC invocations=1 (full 0):
 garbage-first heap   total 131072K, used 5932K [0x0000000081200000, 0x0000000100000000)
  region size 1024K, 2 young (2048K), 2 survivors (2048K)
 Metaspace       used 12048K, capacity 12298K, committed 12416K, reserved 1060864K
  class space    used 1226K, capacity 1334K, committed 1408K, reserved 1048576K
}
Event: 1.386 GC heap before
{Heap before GC invocations=1 (full 0):
 garbage-first heap   total 131072K, used 10028K [0x0000000081200000, 0x0000000100000000)
  region size 1024K, 6 young (6144K), 2 survivors (2048K)
 Metaspace       used 13215K, capacity 13608K, committed 13824K, reserved 1060864K
  class space    used 1350K, capacity 1471K, committed 1536K, reserved 1048576K
}
Event: 1.391 GC heap after
{Heap after GC invocations=2 (full 0):
 garbage-first heap   total 131072K, used 6786K [0x0000000081200000, 0x0000000100000000)
  region size 1024K, 1 young (1024K), 1 survivors (1024K)
 Metaspace       used 13215K, capacity 13608K, committed 13824K, reserved 1060864K
  class space    used 1350K, capacity 1471K, committed 1536K, reserved 1048576K
}
Event: 1.819 GC heap before
{Heap before GC invocations=2 (full 0):
 garbage-first heap   total 131072K, used 25218K [0x0000000081200000, 0x0000000100000000)
  region size 1024K, 19 young (19456K), 1 survivors (1024K)
 Metaspace       used 16348K, capacity 16838K, committed 17152K, reserved 1064960K
  class space    used 1767K, capacity 1941K, committed 2048K, reserved 1048576K
}
Event: 1.824 GC heap after
{Heap after GC invocations=3 (full 0):
 garbage-first heap   total 131072K, used 7673K [0x0000000081200000, 0x0000000100000000)
  region size 1024K, 2 young (2048K), 2 survivors (2048K)
 Metaspace       used 16348K, capacity 16838K, committed 17152K, reserved 1064960K
  class space    used 1767K, capacity 1941K, committed 2048K, reserved 1048576K
}
Event: 2.308 GC heap before
{Heap before GC invocations=3 (full 0):
 garbage-first heap   total 131072K, used 33273K [0x0000000081200000, 0x0000000100000000)
  region size 1024K, 28 young (28672K), 2 survivors (2048K)
 Metaspace       used 20428K, capacity 21077K, committed 21296K, reserved 1069056K
  class space    used 2326K, capacity 2579K, committed 2688K, reserved 1048576K
}
Event: 2.316 GC heap after
{Heap after GC invocations=4 (full 0):
 garbage-first heap   total 131072K, used 8729K [0x0000000081200000, 0x0000000100000000)
  region size 1024K, 3 young (3072K), 3 survivors (3072K)
 Metaspace       used 20428K, capacity 21077K, committed 21296K, reserved 1069056K
  class space    used 2326K, capacity 2579K, committed 2688K, reserved 1048576K
}
Event: 2.668 GC heap before
{Heap before GC invocations=5 (full 0):
 garbage-first heap   total 131072K, used 47641K [0x0000000081200000, 0x0000000100000000)
  region size 1024K, 42 young (43008K), 3 survivors (3072K)
 Metaspace       used 23649K, capacity 24370K, committed 24496K, reserved 1071104K
  class space    used 2750K, capacity 3018K, committed 3072K, reserved 1048576K
}
Event: 2.677 GC heap after
{Heap after GC invocations=6 (full 0):
 garbage-first heap   total 157696K, used 9859K [0x0000000081200000, 0x0000000100000000)
  region size 1024K, 4 young (4096K), 4 survivors (4096K)
 Metaspace       used 23649K, capacity 24370K, committed 24496K, reserved 1071104K
  class space    used 2750K, capacity 3018K, committed 3072K, reserved 1048576K
}
Event: 3.448 GC heap before
{Heap before GC invocations=6 (full 0):
 garbage-first heap   total 157696K, used 70275K [0x0000000081200000, 0x0000000100000000)
  region size 1024K, 64 young (65536K), 4 survivors (4096K)
 Metaspace       used 26038K, capacity 26882K, committed 26928K, reserved 1073152K
  class space    used 3086K, capacity 3427K, committed 3456K, reserved 1048576K
}
Event: 3.460 GC heap after
{Heap after GC invocations=7 (full 0):
 garbage-first heap   total 157696K, used 10943K [0x0000000081200000, 0x0000000100000000)
  region size 1024K, 5 young (5120K), 5 survivors (5120K)
 Metaspace       used 26038K, capacity 26882K, committed 26928K, reserved 1073152K
  class space    used 3086K, capacity 3427K, committed 3456K, reserved 1048576K
}
Event: 4.631 GC heap before
{Heap before GC invocations=7 (full 0):
 garbage-first heap   total 157696K, used 93887K [0x0000000081200000, 0x0000000100000000)
  region size 1024K, 87 young (89088K), 5 survivors (5120K)
 Metaspace       used 32082K, capacity 33214K, committed 33456K, reserved 1079296K
  class space    used 3906K, capacity 4341K, committed 4352K, reserved 1048576K
}
Event: 4.652 GC heap after
{Heap after GC invocations=8 (full 0):
 garbage-first heap   total 157696K, used 14173K [0x0000000081200000, 0x0000000100000000)
  region size 1024K, 8 young (8192K), 8 survivors (8192K)
 Metaspace       used 32082K, capacity 33214K, committed 33456K, reserved 1079296K
  class space    used 3906K, capacity 4341K, committed 4352K, reserved 1048576K
}
Event: 4.979 GC heap before
{Heap before GC invocations=8 (full 0):
 garbage-first heap   total 157696K, used 44893K [0x0000000081200000, 0x0000000100000000)
  region size 1024K, 40 young (40960K), 8 survivors (8192K)
 Metaspace       used 34562K, capacity 35762K, committed 35920K, reserved 1081344K
  class space    used 4237K, capacity 4744K, committed 4864K, reserved 1048576K
}
Event: 5.006 GC heap after
{Heap after GC invocations=9 (full 0):
 garbage-first heap   total 157696K, used 15923K [0x0000000081200000, 0x0000000100000000)
  region size 1024K, 8 young (8192K), 8 survivors (8192K)
 Metaspace       used 34562K, capacity 35762K, committed 35920K, reserved 1081344K
  class space    used 4237K, capacity 4744K, committed 4864K, reserved 1048576K
}
Event: 6.550 GC heap before
{Heap before GC invocations=10 (full 0):
 garbage-first heap   total 157696K, used 101939K [0x0000000081200000, 0x0000000100000000)
  region size 1024K, 92 young (94208K), 8 survivors (8192K)
 Metaspace       used 51278K, capacity 52666K, committed 52816K, reserved 1095680K
  class space    used 6589K, capacity 7155K, committed 7168K, reserved 1048576K
}

